TN:
SF:core/src/index.tsx
FN:12,Signature
FN:18,(anonymous_1)
FN:28,(anonymous_2)
FN:39,(anonymous_3)
FN:44,(anonymous_4)
FN:47,(anonymous_5)
FNF:6
FNH:3
FNDA:1,Signature
FNDA:0,(anonymous_1)
FNDA:0,(anonymous_2)
FNDA:0,(anonymous_3)
FNDA:1,(anonymous_4)
FNDA:1,(anonymous_5)
DA:10,1
DA:13,1
DA:14,1
DA:15,1
DA:16,1
DA:18,1
DA:19,0
DA:20,0
DA:21,0
DA:22,0
DA:23,0
DA:24,0
DA:25,0
DA:28,1
DA:29,0
DA:30,0
DA:31,0
DA:32,0
DA:33,0
DA:34,0
DA:35,0
DA:39,1
DA:40,0
DA:41,0
DA:44,1
DA:45,1
DA:46,1
DA:47,1
DA:48,1
DA:49,1
DA:53,1
LF:31
LH:15
BRDA:12,0,0,0
BRDA:13,1,0,1
BRDA:20,2,0,0
BRDA:20,2,1,0
BRDA:21,3,0,0
BRDA:21,3,1,0
BRDA:29,4,0,0
BRDA:29,4,1,0
BRF:8
BRH:1
end_of_record
TN:
SF:core/src/utils.ts
FN:6,getSvgPathFromStroke
FN:9,(anonymous_1)
FN:26,(anonymous_2)
FN:29,(anonymous_3)
FN:34,(anonymous_4)
FN:39,(anonymous_5)
FN:46,(anonymous_6)
FNF:7
FNH:0
FNDA:0,getSvgPathFromStroke
FNDA:0,(anonymous_1)
FNDA:0,(anonymous_2)
FNDA:0,(anonymous_3)
FNDA:0,(anonymous_4)
FNDA:0,(anonymous_5)
FNDA:0,(anonymous_6)
DA:7,0
DA:8,0
DA:10,0
DA:11,0
DA:12,0
DA:17,0
DA:18,0
DA:21,1
DA:26,0
DA:29,0
DA:34,0
DA:39,1
DA:40,0
DA:41,0
DA:42,0
DA:43,0
DA:46,1
DA:48,0
DA:51,1
LF:19
LH:4
BRDA:7,0,0,0
BRDA:7,0,1,0
BRDA:41,1,0,0
BRDA:41,1,1,0
BRDA:42,2,0,0
BRDA:42,2,1,0
BRF:6
BRH:0
end_of_record
